[debug] > Exec(early(addDefaultCommands), None, None)
[debug] > Exec(addDefaultCommands, None, None)
[debug] > Exec(early(initialize), None, None)
[debug] > Exec(initialize, None, None)
[debug] > Exec(boot, None, None)
[debug] > Exec(writeSbtVersion, None, None)
[debug] > Exec(reload, None, None)
[debug] > Exec(sbtStashOnFailure, None, None)
[debug] > Exec(onFailure loadFailed, None, None)
[debug] > Exec(loadp, None, None)
[info] welcome to sbt 1.6.2 (Private Build Java 11.0.15)
[debug]       Load.loadUnit: plugins took 54.741951ms
[debug]       Load.loadUnit: defsScala took 0.224762ms
[debug] [Loading] Scanning directory /home/ws0625/.sbt/1.0/plugins
[debug] [Loading] Found non-root projects 
[debug] [Loading] Done in /home/ws0625/.sbt/1.0/plugins, returning: ()
[debug] deducing auto plugins based on known facts Set(Atom(sbt.plugins.CorePlugin)) and clauses Clauses(Clause(Atom(sbt.plugins.JvmPlugin),Set(Atom(sbt.plugins.IvyPlugin)))
[debug] Clause(Atom(sbt.ScriptedPlugin),Set(Atom(sbt.plugins.JvmPlugin)))
[debug] Clause(Atom(sbt.plugins.SbtPlugin),Set(Atom(sbt.ScriptedPlugin)))
[debug] Clause(Atom(sbt.plugins.SemanticdbPlugin),Set(Atom(sbt.plugins.JvmPlugin)))
[debug] Clause(Atom(sbt.plugins.JUnitXmlReportPlugin),Set(Atom(sbt.plugins.JvmPlugin)))
[debug] Clause(Atom(sbt.plugins.MiniDependencyTreePlugin),Set(Atom(sbt.plugins.JvmPlugin)))
[debug] Clause(Atom(sbt.plugins.CorePlugin),Set(Atom(sbt.plugins.IvyPlugin)))
[debug] Clause(Atom(sbt.plugins.IvyPlugin),Set(Atom(sbt.plugins.JvmPlugin)))
[debug] Clause(Atom(sbt.plugins.JvmPlugin),Set(Atom(sbt.plugins.SemanticdbPlugin)))
[debug] Clause(Atom(sbt.plugins.JvmPlugin),Set(Atom(sbt.plugins.JUnitXmlReportPlugin)))
[debug] Clause(Atom(sbt.plugins.CorePlugin),Set(Atom(sbt.plugins.Giter8TemplatePlugin)))
[debug] Clause(Atom(sbt.plugins.JvmPlugin),Set(Atom(sbt.plugins.MiniDependencyTreePlugin))))
[debug]   :: deduced result: Matched(sbt.plugins.CorePlugin,sbt.plugins.Giter8TemplatePlugin,sbt.plugins.IvyPlugin,sbt.plugins.JvmPlugin,sbt.plugins.MiniDependencyTreePlugin,sbt.plugins.JUnitXmlReportPlugin,sbt.plugins.SemanticdbPlugin)
[debug] Plugins.deducer#function took 11.628705 ms
[debug]           Load.resolveProject(global-plugins) took 31.375934ms
[debug]         Load.loadTransitive: finalizeProject(Project(id global-plugins, base: /home/ws0625/.sbt/1.0/plugins, plugins: List(<none>))) took 61.576329ms
[debug] [Loading] Done in /home/ws0625/.sbt/1.0/plugins, returning: (global-plugins)
[debug]       Load.loadUnit: loadedProjectsRaw took 76.318606ms
[debug]       Load.loadUnit: cleanEvalClasses took 0.173294ms
[debug]     Load.loadUnit(file:/home/ws0625/.sbt/1.0/plugins/, ...) took 137.085972ms
[debug]   Load.apply: load took 274.575254ms
[debug]   Load.apply: resolveProjects took 5.373473ms
[debug]   Load.apply: finalTransforms took 46.865827ms
[debug]   Load.apply: config.delegates took 4.927992ms
[debug]   Load.apply: Def.make(settings)... took 276.905975ms
[debug]   Load.apply: structureIndex took 87.678024ms
[debug]   Load.apply: mkStreams took 1.375982ms
[info] loading global plugins from /home/ws0625/.sbt/1.0/plugins
[debug] Running task... Cancel: Signal, check cycles: false, forcegc: true
[debug] Load.defaultLoad until apply took 1635.267965ms
[debug]           Load.loadUnit: plugins took 10.207511ms
[debug]           Load.loadUnit: defsScala took 0.003067ms
[debug] [Loading] Scanning directory /home/ws0625/akka-prjs/udemy-akka-essentials/project
[debug] [Loading] Found non-root projects 
[debug] [Loading] Done in /home/ws0625/akka-prjs/udemy-akka-essentials/project, returning: ()
[debug] deducing auto plugins based on known facts Set(Atom(sbt.plugins.CorePlugin)) and clauses Clauses(Clause(Atom(sbt.plugins.JvmPlugin),Set(Atom(sbt.plugins.IvyPlugin)))
[debug] Clause(Atom(sbt.ScriptedPlugin),Set(Atom(sbt.plugins.JvmPlugin)))
[debug] Clause(Atom(sbt.plugins.SbtPlugin),Set(Atom(sbt.ScriptedPlugin)))
[debug] Clause(Atom(sbt.plugins.SemanticdbPlugin),Set(Atom(sbt.plugins.JvmPlugin)))
[debug] Clause(Atom(sbt.plugins.JUnitXmlReportPlugin),Set(Atom(sbt.plugins.JvmPlugin)))
[debug] Clause(Atom(sbt.plugins.MiniDependencyTreePlugin),Set(Atom(sbt.plugins.JvmPlugin)))
[debug] Clause(Atom(sbt.plugins.CorePlugin),Set(Atom(sbt.plugins.IvyPlugin)))
[debug] Clause(Atom(sbt.plugins.IvyPlugin),Set(Atom(sbt.plugins.JvmPlugin)))
[debug] Clause(Atom(sbt.plugins.JvmPlugin),Set(Atom(sbt.plugins.SemanticdbPlugin)))
[debug] Clause(Atom(sbt.plugins.JvmPlugin),Set(Atom(sbt.plugins.JUnitXmlReportPlugin)))
[debug] Clause(Atom(sbt.plugins.CorePlugin),Set(Atom(sbt.plugins.Giter8TemplatePlugin)))
[debug] Clause(Atom(sbt.plugins.JvmPlugin),Set(Atom(sbt.plugins.MiniDependencyTreePlugin))))
[debug]   :: deduced result: Matched(sbt.plugins.CorePlugin,sbt.plugins.Giter8TemplatePlugin,sbt.plugins.IvyPlugin,sbt.plugins.JvmPlugin,sbt.plugins.MiniDependencyTreePlugin,sbt.plugins.JUnitXmlReportPlugin,sbt.plugins.SemanticdbPlugin)
[debug] Plugins.deducer#function took 1.289763 ms
[debug]               Load.resolveProject(udemy-akka-essentials-build) took 0.716489ms
[debug]             Load.loadTransitive: finalizeProject(Project(id udemy-akka-essentials-build, base: /home/ws0625/akka-prjs/udemy-akka-essentials/project, plugins: List(<none>))) took 2.345325ms
[debug] [Loading] Done in /home/ws0625/akka-prjs/udemy-akka-essentials/project, returning: (udemy-akka-essentials-build)
[debug]           Load.loadUnit: loadedProjectsRaw took 3.473132ms
[debug]           Load.loadUnit: cleanEvalClasses took 0.007358ms
[debug]         Load.loadUnit(file:/home/ws0625/akka-prjs/udemy-akka-essentials/project/, ...) took 14.109599ms
[debug]       Load.apply: load took 14.841654ms
[debug]       Load.apply: resolveProjects took 0.077156ms
[debug]       Load.apply: finalTransforms took 6.076016ms
[debug]       Load.apply: config.delegates took 0.290882ms
[debug]       Load.apply: Def.make(settings)... took 47.128884ms
[debug]       Load.apply: structureIndex took 18.293344ms
[debug]       Load.apply: mkStreams took 0.002452ms
[info] loading project definition from /home/ws0625/akka-prjs/udemy-akka-essentials/project
[debug] Running task... Cancel: Signal, check cycles: false, forcegc: true
[debug]     Load.loadUnit: plugins took 223.370978ms
[debug]     Load.loadUnit: defsScala took 0.002725ms
[debug] [Loading] Scanning directory /home/ws0625/akka-prjs/udemy-akka-essentials
[debug]       Load.loadUnit: mkEval took 4.487579ms
[debug] [Loading] Found root project root w/ remaining 
[debug] deducing auto plugins based on known facts Set(Atom(sbt.plugins.CorePlugin)) and clauses Clauses(Clause(Atom(sbt.plugins.JvmPlugin),Set(Atom(sbt.plugins.IvyPlugin)))
[debug] Clause(Atom(sbt.ScriptedPlugin),Set(Atom(sbt.plugins.JvmPlugin)))
[debug] Clause(Atom(sbt.plugins.SbtPlugin),Set(Atom(sbt.ScriptedPlugin)))
[debug] Clause(Atom(sbt.plugins.SemanticdbPlugin),Set(Atom(sbt.plugins.JvmPlugin)))
[debug] Clause(Atom(sbt.plugins.JUnitXmlReportPlugin),Set(Atom(sbt.plugins.JvmPlugin)))
[debug] Clause(Atom(sbt.plugins.MiniDependencyTreePlugin),Set(Atom(sbt.plugins.JvmPlugin)))
[debug] Clause(Atom(sbt.plugins.CorePlugin),Set(Atom(sbt.plugins.IvyPlugin)))
[debug] Clause(Atom(sbt.plugins.IvyPlugin),Set(Atom(sbt.plugins.JvmPlugin)))
[debug] Clause(Atom(sbt.plugins.JvmPlugin),Set(Atom(sbt.plugins.SemanticdbPlugin)))
[debug] Clause(Atom(sbt.plugins.JvmPlugin),Set(Atom(sbt.plugins.JUnitXmlReportPlugin)))
[debug] Clause(Atom(sbt.plugins.CorePlugin),Set(Atom(sbt.plugins.Giter8TemplatePlugin)))
[debug] Clause(Atom(sbt.plugins.JvmPlugin),Set(Atom(sbt.plugins.MiniDependencyTreePlugin))))
[debug]   :: deduced result: Matched(sbt.plugins.CorePlugin,sbt.plugins.Giter8TemplatePlugin,sbt.plugins.IvyPlugin,sbt.plugins.JvmPlugin,sbt.plugins.MiniDependencyTreePlugin,sbt.plugins.JUnitXmlReportPlugin,sbt.plugins.SemanticdbPlugin)
[debug] Plugins.deducer#function took 1.602516 ms
[info] loading settings for project root from build.sbt ...
[debug]         Load.resolveProject(root) took 2.480426ms
[debug]       Load.loadTransitive: finalizeProject(Project(id root, base: /home/ws0625/akka-prjs/udemy-akka-essentials, plugins: List(<none>))) took 4.918375ms
[debug] [Loading] Done in /home/ws0625/akka-prjs/udemy-akka-essentials, returning: (root)
[debug]     Load.loadUnit: loadedProjectsRaw took 1466.296778ms
[debug]     Load.loadUnit: cleanEvalClasses took 2.913207ms
[debug]   Load.loadUnit(file:/home/ws0625/akka-prjs/udemy-akka-essentials/, ...) took 1693.083286ms
[debug] Load.apply: load took 1695.499113ms
[debug] Load.apply: resolveProjects took 0.115737ms
[debug] Load.apply: finalTransforms took 31.239264ms
[debug] Load.apply: config.delegates took 0.510726ms
[debug] Load.apply: Def.make(settings)... took 93.683531ms
[debug] Load.apply: structureIndex took 27.922501ms
[debug] Load.apply: mkStreams took 0.002677ms
[info] set current project to udemy-akka-essentials (in build file:/home/ws0625/akka-prjs/udemy-akka-essentials/)
[debug] > Exec(sbtPopOnFailure, None, None)
[debug] > Exec(resumeFromFailure, None, None)
[debug] > Exec(notifyUsersAboutShell, None, None)
[debug] > Exec(iflast shell, None, None)
[debug] > Exec(shell, None, None)
[info] sbt server started at local:///home/ws0625/.sbt/1.0/server/0596952fb5b4627e179b/sock
[debug] Writing bsp connection file
[info] started sbt server
